#-----------------------------------------------------------
# Vivado v2020.1 (64-bit)
# SW Build 2902540 on Wed May 27 19:54:49 MDT 2020
# IP Build 2902112 on Wed May 27 22:43:36 MDT 2020
# Start of session at: Fri Oct 25 00:25:27 2024
# Process ID: 21832
# Current directory: D:/doc vivado/FSM_1
# Command line: vivado.exe -gui_launcher_event rodinguilauncherevent28652 D:\doc vivado\FSM_1\FSM_1.xpr
# Log file: D:/doc vivado/FSM_1/vivado.log
# Journal file: D:/doc vivado/FSM_1\vivado.jou
#-----------------------------------------------------------
start_gui
open_project {D:/doc vivado/FSM_1/FSM_1.xpr}
Scanning sources...
Finished scanning sources
INFO: [IP_Flow 19-234] Refreshing IP repositories
INFO: [IP_Flow 19-1704] No user IP repositories specified
INFO: [IP_Flow 19-2313] Loaded Vivado IP repository 'C:/Xilinx/Vivado/2020.1/data/ip'.
update_compile_order -fileset sources_1
exit
INFO: [Common 17-206] Exiting Vivado at Fri Oct 25 00:25:53 2024...
